<html>
<head><style type="text/css">h1 {background-color:#9999CC}
h2 {background-color:#BBBBCC}
h3 {background-color:#DDDDFF}
th {border:1px solid black;background-color:#CCCCDD;}
td{border:1px solid black;}
table {border:1px solid black;border-collapse: collapse;}
.chart {border:0px none black;border-collapse: collapse;background-color: none;}
.passed {background-color:lightgreen;font-weight:bold;color:darkgreen}
.skipped {background-color:silver;font-weight:bold;color:darkgray}
.failed {background-color:tomato;font-weight:bold;color:darkred}
.undefined {background-color:gold;font-weight:bold;color:goldenrod}
.known {background-color:goldenrod;font-weight:bold;color:darkred}
.passed_description {background-color:#D0FFD0;font-weight:bold;font-style:italic;color:black}
.failed_description {background-color:#FFA898;font-weight:bold;font-style:italic;color:black}
.comment {font-family:courier;font-weight:normal;font-size:small;color:black;border:1px dashed black;background-color:silver}
.tip {font-family:courier;font-weight:normal;font-size:small;color:white;background-color:black}
OL { counter-reset: item }
OL>LI { display: block }
OL>LI:before { content: counters(item, ".") " "; counter-increment: item }

div.header {
    display: block; text-align: center;
    position: running(header);
}
div.footer {
    display: block; text-align: center;
    position: running(footer);
}
div.content {page-break-after: always;}
@page {
	 size: auto;
     @top-center {
     	content: "Detailed Results Report";
	    color: silver;
	    font-size: 14px;
     }
     @top-right {
     	content: date("dd MMM, yyyy hh:mm");
	    color: silver;
	    font-size: 8px;
     }
    @bottom-right {
    	content: "Page " counter(page) " of " counter(pages) ;
	    color: silver;
	    font-size: 8px;
    }
}
</style>
<title>Detailed Results Report</title>
<meta charset="UTF-8" />
</head>
  <body>
    <div class='header'></div>
    <div class='footer'></div>
<h1>Overview</h1>


<table>
	<tr><th></th><th>Passed</th><th>Failed</th><th>Known</th><th>Undefined</th><th>Total</th><th>%Passed</th></tr>
	<tr><th>Features</th>
		<td class="passed" id="features_passed">0</td>
		<td class="failed" id="features_failed">1</td>
		<td class="known" id="features_known">0</td>
		<td class="undefined" id="features_undefined">0</td>
		<td id="features_total">1</td>
		<td id="features_rate">
				0%
		</td>
	</tr>
	<tr><th>Scenarios</th>
		<td class="passed" id="scenarios_passed">0</td>
		<td class="failed" id="scenarios_failed">3</td>
		<td class="known" id="scenarios_known">0</td>
		<td class="undefined" id="scenarios_undefined">0</td>
		<td id="scenarios_total">3</td>
		<td id="scenarios_rate">
				0%
		</td>
	</tr>
	<tr><th>Steps</th>
		<td class="passed" id="steps_passed">12</td>
		<td class="failed" id="steps_failed">3</td>
		<td class="known" id="steps_known">0</td>
		<td class="undefined" id="steps_undefined">6</td>
		<td id="steps_total">21</td>
		<td id="steps_rate">
				57%
		</td>
	</tr>
</table>
<div><b>Overall Duration: 0h 07m 00s</b></div>

<a id="top"></a><h1>Table of Contents</h1>

<ol>
<li> <span class="failed"><a href="#feature-1add-new-offer-text">Add new offer text</a></span>
	<ol>
        <li> <span class="failed"><a href="#sc-16-add-new-offer-text;;;2"></a></span></li>
        <li> <span class="failed"><a href="#sc-17-add-new-offer-text;;;3"></a></span></li>
        <li> <span class="failed"><a href="#sc-18-add-new-offer-text;;;4"></a></span></li>
    </ol></li>
</ol>

<h1>Detailed Results Report</h1>

<table width="700px">
	<tr class="failed"><td colspan="4"><b>Feature:</b> <a id="feature-1add-new-offer-text">Add new offer text</a></td></tr>
    <tr class="failed">
    	<td><small><b>Passed:</b> 0</small></td>
        <td><small><b>Failed:</b> 3</small></td>
        <td><small><b>Undefined:</b> 0</small></td>
        <td><small>Duration: 420.3s</small></td>
    </tr>
	<tr class="failed">
		<td colspan="4" style="padding-left:20px">
		<table width="100%">
				<tr class="failed">
					<td colspan="4">
						<b>Scenario Outline:</b> <a id="sc-16-add-new-offer-text;;;2"></a>
					</td>
				</tr>
					<tr class="failed_description">
			            <td colspan="4"><br>This scenario ensures that SMP user is able to add new offer text in console as part of PAYG H1 2018</br></td>
		            </tr>
                <tr class="failed">
                	<td><small><b>Passed:</b> 6</small></td>
                	<td><small><b>Failed:</b> 1</small></td>
					<td><small><b>Undefined:</b> 0</small></td>
					<td><small>Duration: 148.52s</small></td>
				</tr>
					<tr class="passed">
						<td>Before</td>
						<td colspan="2"></td>
						<td width="100">59.32s</td>
					</tr>
                	<tr class="passed">
                		<td colspan="4">
                		</td>
                	</tr>
                <tr class="failed">
	                <td colspan="4" style="padding-left:20px">
						<table width="100%">
                            	<tr class="passed">
                            		<td><b>Given </b> I am SMP user and I navigate to SMP http://sntb1-ppsmpw-13:8080/smp_jsecure/jsp/login.jsp url</td>
                            		<td width="100">14.23s</td>
                        		</tr>
                            	<tr class="passed">
                            		<td><b>And </b> Signin using Admin and Interact credentials</td>
                            		<td width="100">9.45s</td>
                        		</tr>
                            	<tr class="passed">
                            		<td><b>And </b> click on SMP Administration link</td>
                            		<td width="100">3.91s</td>
                        		</tr>
                            	<tr class="passed">
                            		<td><b>And </b> click on Service Providers link and select SPID</td>
                            		<td width="100">4.44s</td>
                        		</tr>
                            	<tr class="passed">
                            		<td><b>And </b> click on Notifications link</td>
                            		<td width="100">22.24s</td>
                        		</tr>
                            	<tr class="passed">
                            		<td><b>And </b> click on Offers tab and Create new link</td>
                            		<td width="100">11.81s</td>
                        		</tr>
                            	<tr class="failed">
                            		<td><b>And </b> fill in details BIGDATABUNDLE10v2 Subscribe With Chg and click Add</td>
                            		<td width="100">18.39s</td>
                        		</tr>
    								<tr class="failed">
										<td colspan="2">
											<br>org.openqa.selenium.NoSuchElementException: Cannot locate element with text: BIGDATABUNDLE10v2 Subscribe With</br><br>For documentation on this error, please visit: http://seleniumhq.org/exceptions/no_such_element.html</br><br>Build info: version: &#39;3.6.0&#39;, revision: &#39;6fbf3ec767&#39;, time: &#39;2017-09-27T15:28:36.4Z&#39;</br><br>System info: host: &#39;LASST240940&#39;, ip: &#39;10.172.43.229&#39;, os.name: &#39;Windows 7&#39;, os.arch: &#39;x86&#39;, os.version: &#39;6.1&#39;, java.version: &#39;1.8.0_144&#39;</br><br>Driver info: driver.version: unknown</br><br>	at org.openqa.selenium.support.ui.Select.selectByVisibleText(Select.java:151)</br><br>	at actionsPerformed.SMPOfferNotificationPageActions.Selectoffer(SMPOfferNotificationPageActions.java:32)</br><br>	at steps.SMP_Scenarios.fill_in_details_and_click_add(SMP_Scenarios.java:388)</br><br>	at ✽.And fill in details BIGDATABUNDLE10v2 Subscribe With Chg and click Add(Features/Pay and Go SMP/Add new offer text.feature:12)</br><br></br>
										</td>
									</tr>
						</table>
					</td>
				</tr>
				
					<tr class="passed">
						<td>After</td>
						<td colspan="2"></td>
						<td width="100">4.75s</td>
					</tr>
                	<tr class="passed">
                		<td colspan="4">
						</td>
                	</tr>
                <tr><td colspan="5"><sup><a href="#top">Back to Table of Contents</a></sup></td></tr>
				<tr class="failed">
					<td colspan="4">
						<b>Scenario Outline:</b> <a id="sc-17-add-new-offer-text;;;3"></a>
					</td>
				</tr>
					<tr class="failed_description">
			            <td colspan="4"><br>This scenario ensures that SMP user is able to add new offer text in console as part of PAYG H1 2018</br></td>
		            </tr>
                <tr class="failed">
                	<td><small><b>Passed:</b> 6</small></td>
                	<td><small><b>Failed:</b> 1</small></td>
					<td><small><b>Undefined:</b> 0</small></td>
					<td><small>Duration: 131.28s</small></td>
				</tr>
					<tr class="passed">
						<td>Before</td>
						<td colspan="2"></td>
						<td width="100">30.25s</td>
					</tr>
                	<tr class="passed">
                		<td colspan="4">
                		</td>
                	</tr>
                <tr class="failed">
	                <td colspan="4" style="padding-left:20px">
						<table width="100%">
                            	<tr class="passed">
                            		<td><b>Given </b> I am SMP user and I navigate to SMP http://sntb1-ppsmpw-13:8080/smp_jsecure/jsp/login.jsp url</td>
                            		<td width="100">9.57s</td>
                        		</tr>
                            	<tr class="passed">
                            		<td><b>And </b> Signin using Admin and Interact credentials</td>
                            		<td width="100">6.34s</td>
                        		</tr>
                            	<tr class="passed">
                            		<td><b>And </b> click on SMP Administration link</td>
                            		<td width="100">4.14s</td>
                        		</tr>
                            	<tr class="passed">
                            		<td><b>And </b> click on Service Providers link and select SPID</td>
                            		<td width="100">4.49s</td>
                        		</tr>
                            	<tr class="passed">
                            		<td><b>And </b> click on Notifications link</td>
                            		<td width="100">29.08s</td>
                        		</tr>
                            	<tr class="passed">
                            		<td><b>And </b> click on Offers tab and Create new link</td>
                            		<td width="100">8.62s</td>
                        		</tr>
                            	<tr class="failed">
                            		<td><b>And </b> fill in details BIGDATABUNDLE10v2 Replen With Charge and click Add</td>
                            		<td width="100">17.96s</td>
                        		</tr>
    								<tr class="failed">
										<td colspan="2">
											<br>org.openqa.selenium.NoSuchElementException: Cannot locate element with text: BIGDATABUNDLE10v2 Replen With</br><br>For documentation on this error, please visit: http://seleniumhq.org/exceptions/no_such_element.html</br><br>Build info: version: &#39;3.6.0&#39;, revision: &#39;6fbf3ec767&#39;, time: &#39;2017-09-27T15:28:36.4Z&#39;</br><br>System info: host: &#39;LASST240940&#39;, ip: &#39;10.172.43.229&#39;, os.name: &#39;Windows 7&#39;, os.arch: &#39;x86&#39;, os.version: &#39;6.1&#39;, java.version: &#39;1.8.0_144&#39;</br><br>Driver info: driver.version: unknown</br><br>	at org.openqa.selenium.support.ui.Select.selectByVisibleText(Select.java:151)</br><br>	at actionsPerformed.SMPOfferNotificationPageActions.Selectoffer(SMPOfferNotificationPageActions.java:32)</br><br>	at steps.SMP_Scenarios.fill_in_details_and_click_add(SMP_Scenarios.java:388)</br><br>	at ✽.And fill in details BIGDATABUNDLE10v2 Replen With Charge and click Add(Features/Pay and Go SMP/Add new offer text.feature:12)</br><br></br>
										</td>
									</tr>
						</table>
					</td>
				</tr>
				
					<tr class="passed">
						<td>After</td>
						<td colspan="2"></td>
						<td width="100">20.84s</td>
					</tr>
                	<tr class="passed">
                		<td colspan="4">
						</td>
                	</tr>
                <tr><td colspan="5"><sup><a href="#top">Back to Table of Contents</a></sup></td></tr>
				<tr class="failed">
					<td colspan="4">
						<b>Scenario Outline:</b> <a id="sc-18-add-new-offer-text;;;4"></a>
					</td>
				</tr>
					<tr class="failed_description">
			            <td colspan="4"><br>This scenario ensures that SMP user is able to add new offer text in console as part of PAYG H1 2018</br></td>
		            </tr>
                <tr class="failed">
                	<td><small><b>Passed:</b> 0</small></td>
                	<td><small><b>Failed:</b> 1</small></td>
					<td><small><b>Undefined:</b> 6</small></td>
					<td><small>Duration: 140.49s</small></td>
				</tr>
					<tr class="passed">
						<td>Before</td>
						<td colspan="2"></td>
						<td width="100">113.30s</td>
					</tr>
                	<tr class="passed">
                		<td colspan="4">
                		</td>
                	</tr>
                <tr class="failed">
	                <td colspan="4" style="padding-left:20px">
						<table width="100%">
                            	<tr class="failed">
                            		<td><b>Given </b> I am SMP user and I navigate to SMP http://sntb1-ppsmpw-13:8080/smp_jsecure/jsp/login.jsp url</td>
                            		<td width="100">19.07s</td>
                        		</tr>
    								<tr class="failed">
										<td colspan="2">
											<br>java.lang.AssertionError: unable to get title</br><br>	at org.testng.Assert.fail(Assert.java:94)</br><br>	at steps.SMP_Scenarios.I_am_SMP_user_and_I_navigate_to_SMP_TB_url(SMP_Scenarios.java:64)</br><br>	at ✽.Given I am SMP user and I navigate to SMP http://sntb1-ppsmpw-13:8080/smp_jsecure/jsp/login.jsp url(Features/Pay and Go SMP/Add new offer text.feature:6)</br><br></br>
										</td>
									</tr>
                            	<tr class="skipped">
                            		<td><b>And </b> Signin using Admin and Interact credentials</td>
                            		<td width="100">0.00s</td>
                        		</tr>
                            	<tr class="skipped">
                            		<td><b>And </b> click on SMP Administration link</td>
                            		<td width="100">0.00s</td>
                        		</tr>
                            	<tr class="skipped">
                            		<td><b>And </b> click on Service Providers link and select SPID</td>
                            		<td width="100">0.00s</td>
                        		</tr>
                            	<tr class="skipped">
                            		<td><b>And </b> click on Notifications link</td>
                            		<td width="100">0.00s</td>
                        		</tr>
                            	<tr class="skipped">
                            		<td><b>And </b> click on Offers tab and Create new link</td>
                            		<td width="100">0.00s</td>
                        		</tr>
                            	<tr class="skipped">
                            		<td><b>And </b> fill in details BIGDATABUNDLE15 Subscribe With Chg and click Add</td>
                            		<td width="100">0.00s</td>
                        		</tr>
						</table>
					</td>
				</tr>
				
					<tr class="failed">
						<td>After</td>
						<td colspan="2"></td>
						<td width="100">8.12s</td>
					</tr>
                	<tr class="failed">
                		<td colspan="4">
							<br>org.openqa.selenium.WebDriverException: chrome not reachable</br><br>  (Session info: chrome=71.0.3578.98)</br><br>  (Driver info: chromedriver=2.38.552522 (437e6fbedfa8762dec75e2c5b3ddb86763dc9dcb),platform=Windows NT 6.1.7601 SP1 x86) (WARNING: The server did not provide any stacktrace information)</br><br>Command duration or timeout: 0 milliseconds</br><br>Build info: version: &#39;3.6.0&#39;, revision: &#39;6fbf3ec767&#39;, time: &#39;2017-09-27T15:28:36.4Z&#39;</br><br>System info: host: &#39;LASST240940&#39;, ip: &#39;10.172.43.229&#39;, os.name: &#39;Windows 7&#39;, os.arch: &#39;x86&#39;, os.version: &#39;6.1&#39;, java.version: &#39;1.8.0_144&#39;</br><br>Driver info: org.openqa.selenium.chrome.ChromeDriver</br><br>Capabilities [{mobileEmulationEnabled=false, hasTouchScreen=false, platform=XP, acceptSslCerts=false, acceptInsecureCerts=false, webStorageEnabled=true, browserName=chrome, takesScreenshot=true, javascriptEnabled=true, platformName=XP, setWindowRect=true, unexpectedAlertBehaviour=, applicationCacheEnabled=false, rotatable=false, networkConnectionEnabled=false, chrome={chromedriverVersion=2.38.552522 (437e6fbedfa8762dec75e2c5b3ddb86763dc9dcb), userDataDir=C:\Users\ssankar4\AppData\Local\Temp\scoped_dir8372_13791}, takesHeapSnapshot=true, pageLoadStrategy=normal, unhandledPromptBehavior=, databaseEnabled=false, handlesAlerts=true, version=71.0.3578.98, browserConnectionEnabled=false, nativeEvents=true, locationContextEnabled=true, cssSelectorsEnabled=true}]</br><br>Session ID: c95de760e2a81696edc09f351d99f7cc</br><br>	at sun.reflect.NativeConstructorAccessorImpl.newInstance0(Native Method)</br><br>	at sun.reflect.NativeConstructorAccessorImpl.newInstance(NativeConstructorAccessorImpl.java:62)</br><br>	at sun.reflect.DelegatingConstructorAccessorImpl.newInstance(DelegatingConstructorAccessorImpl.java:45)</br><br>	at java.lang.reflect.Constructor.newInstance(Constructor.java:423)</br><br>	at org.openqa.selenium.remote.ErrorHandler.createThrowable(ErrorHandler.java:214)</br><br>	at org.openqa.selenium.remote.ErrorHandler.throwIfResponseFailed(ErrorHandler.java:166)</br><br>	at org.openqa.selenium.remote.http.JsonHttpResponseCodec.reconstructValue(JsonHttpResponseCodec.java:40)</br><br>	at org.openqa.selenium.remote.http.AbstractHttpResponseCodec.decode(AbstractHttpResponseCodec.java:82)</br><br>	at org.openqa.selenium.remote.http.AbstractHttpResponseCodec.decode(AbstractHttpResponseCodec.java:45)</br><br>	at org.openqa.selenium.remote.HttpCommandExecutor.execute(HttpCommandExecutor.java:164)</br><br>	at org.openqa.selenium.remote.service.DriverCommandExecutor.execute(DriverCommandExecutor.java:83)</br><br>	at org.openqa.selenium.remote.RemoteWebDriver.execute(RemoteWebDriver.java:586)</br><br>	at org.openqa.selenium.remote.RemoteWebDriver.execute(RemoteWebDriver.java:643)</br><br>	at org.openqa.selenium.remote.RemoteWebDriver.close(RemoteWebDriver.java:472)</br><br>	at steps.Hooks.embedScreenshot(Hooks.java:116)</br><br>	at sun.reflect.NativeMethodAccessorImpl.invoke0(Native Method)</br><br>	at sun.reflect.NativeMethodAccessorImpl.invoke(NativeMethodAccessorImpl.java:62)</br><br>	at sun.reflect.DelegatingMethodAccessorImpl.invoke(DelegatingMethodAccessorImpl.java:43)</br><br>	at java.lang.reflect.Method.invoke(Method.java:498)</br><br>	at cucumber.runtime.Utils$1.call(Utils.java:40)</br><br>	at cucumber.runtime.Timeout.timeout(Timeout.java:16)</br><br>	at cucumber.runtime.Utils.invoke(Utils.java:34)</br><br>	at cucumber.runtime.java.JavaHookDefinition.execute(JavaHookDefinition.java:60)</br><br>	at cucumber.runtime.Runtime.runHookIfTagsMatch(Runtime.java:224)</br><br>	at cucumber.runtime.Runtime.runHooks(Runtime.java:212)</br><br>	at cucumber.runtime.Runtime.runAfterHooks(Runtime.java:206)</br><br>	at cucumber.runtime.model.CucumberScenario.run(CucumberScenario.java:46)</br><br>	at cucumber.runtime.model.CucumberScenarioOutline.run(CucumberScenarioOutline.java:46)</br><br>	at cucumber.runtime.model.CucumberFeature.run(CucumberFeature.java:165)</br><br>	at cucumber.api.testng.TestNGCucumberRunner.runCucumber(TestNGCucumberRunner.java:63)</br><br>	at cucumber.api.testng.AbstractTestNGCucumberTests.feature(AbstractTestNGCucumberTests.java:21)</br><br>	at com.github.mkolisnyk.cucumber.runner.ExtendedTestNGRunner.feature(ExtendedTestNGRunner.java:69)</br><br>	at sun.reflect.NativeMethodAccessorImpl.invoke0(Native Method)</br><br>	at sun.reflect.NativeMethodAccessorImpl.invoke(NativeMethodAccessorImpl.java:62)</br><br>	at sun.reflect.DelegatingMethodAccessorImpl.invoke(DelegatingMethodAccessorImpl.java:43)</br><br>	at java.lang.reflect.Method.invoke(Method.java:498)</br><br>	at org.testng.internal.MethodInvocationHelper.invokeMethod(MethodInvocationHelper.java:104)</br><br>	at org.testng.internal.Invoker.invokeMethod(Invoker.java:645)</br><br>	at org.testng.internal.Invoker.invokeTestMethod(Invoker.java:851)</br><br>	at org.testng.internal.Invoker.invokeTestMethods(Invoker.java:1177)</br><br>	at org.testng.internal.TestMethodWorker.invokeTestMethods(TestMethodWorker.java:129)</br><br>	at org.testng.internal.TestMethodWorker.run(TestMethodWorker.java:112)</br><br>	at org.testng.TestRunner.privateRun(TestRunner.java:756)</br><br>	at org.testng.TestRunner.run(TestRunner.java:610)</br><br>	at org.testng.SuiteRunner.runTest(SuiteRunner.java:387)</br><br>	at org.testng.SuiteRunner.runSequentially(SuiteRunner.java:382)</br><br>	at org.testng.SuiteRunner.privateRun(SuiteRunner.java:340)</br><br>	at org.testng.SuiteRunner.run(SuiteRunner.java:289)</br><br>	at org.testng.SuiteRunnerWorker.runSuite(SuiteRunnerWorker.java:52)</br><br>	at org.testng.SuiteRunnerWorker.run(SuiteRunnerWorker.java:86)</br><br>	at org.testng.TestNG.runSuitesSequentially(TestNG.java:1293)</br><br>	at org.testng.TestNG.runSuitesLocally(TestNG.java:1218)</br><br>	at org.testng.TestNG.runSuites(TestNG.java:1133)</br><br>	at org.testng.TestNG.run(TestNG.java:1104)</br><br>	at org.testng.IDEARemoteTestNG.run(IDEARemoteTestNG.java:72)</br><br>	at org.testng.RemoteTestNGStarter.main(RemoteTestNGStarter.java:123)</br><br></br>
						</td>
                	</tr>
                <tr><td colspan="5"><sup><a href="#top">Back to Table of Contents</a></sup></td></tr>
		</table>
	</td></tr><tr><td colspan="5"></td></tr>
</table>

	</body>
</html>
